<?xml version="1.0" encoding="UTF-8"?>
<!-- Generated by org.testng.reporters.JUnitXMLReporter -->
<testsuite hostname="VIJAYKAKUNURI" ignored="0" name="Command line test" tests="6" failures="0" timestamp="2022-01-10T23:05:36 EST" time="0.073" errors="0">
  <testcase name="appiumTest1" time="0.005" classname="qaclickacademy.AppiumTest"/>
  <testcase name="appiumTest2" time="0.001" classname="qaclickacademy.AppiumTest"/>
  <testcase name="apiTest1" time="0.001" classname="qaclickacademy.RestAPITest"/>
  <testcase name="apiTest2" time="0.0" classname="qaclickacademy.RestAPITest"/>
  <testcase name="selTest1" time="0.0" classname="qaclickacademy.SeleniumTest"/>
  <testcase name="selTest2" time="0.0" classname="qaclickacademy.SeleniumTest"/>
</testsuite> <!-- Command line test -->
