<?xml version="1.0" encoding="UTF-8"?>
<!-- Generated by org.testng.reporters.JUnitXMLReporter -->
<testsuite hostname="VIJAYKAKUNURI" ignored="0" name="Regression" tests="6" failures="0" timestamp="2022-01-10T23:44:32 EST" time="0.059" errors="0">
  <testcase name="appiumTest1" time="0.004" classname="qaclickacademy.AppiumTest"/>
  <testcase name="appiumTest2" time="0.0" classname="qaclickacademy.AppiumTest"/>
  <testcase name="selTest1" time="0.0" classname="qaclickacademy.SeleniumTest"/>
  <testcase name="selTest2" time="0.001" classname="qaclickacademy.SeleniumTest"/>
  <testcase name="apiTest1" time="0.0" classname="qaclickacademy.RestAPITest"/>
  <testcase name="apiTest2" time="0.004" classname="qaclickacademy.RestAPITest"/>
</testsuite> <!-- Regression -->
