<?xml version="1.0" encoding="UTF-8"?>
<!-- Generated by org.testng.reporters.JUnitXMLReporter -->
<testsuite hostname="VIJAYKAKUNURI" ignored="0" name="Smoke" tests="4" failures="0" timestamp="2022-01-10T23:44:47 EST" time="0.054" errors="0">
  <testcase name="selTest1" time="0.005" classname="qaclickacademy.SeleniumTest"/>
  <testcase name="selTest2" time="0.0" classname="qaclickacademy.SeleniumTest"/>
  <testcase name="apiTest1" time="0.0" classname="qaclickacademy.RestAPITest"/>
  <testcase name="apiTest2" time="0.0" classname="qaclickacademy.RestAPITest"/>
</testsuite> <!-- Smoke -->
