<?xml version="1.0" encoding="UTF-8"?>
<testsuite xmlns:xsi="http://www.w3.org/2001/XMLSchema-instance" xsi:noNamespaceSchemaLocation="https://maven.apache.org/surefire/maven-surefire-plugin/xsd/surefire-test-report-3.0.xsd" version="3.0" name="TestSuite" time="0.808" tests="4" errors="0" skipped="0" failures="0">
  <properties>
[...]
</properties>
  <testcase name="selTest1" classname="qaclickacademy.SeleniumTest" time="0.006">
    <system-out><![CDATA[selTest1
]]></system-out>
  </testcase>
  <testcase name="selTest2" classname="qaclickacademy.SeleniumTest" time="0">
    <system-out><![CDATA[selTest2
]]></system-out>
  </testcase>
  <testcase name="apiTest1" classname="qaclickacademy.RestAPITest" time="0.001">
    <system-out><![CDATA[apiTest1
]]></system-out>
  </testcase>
  <testcase name="apiTest2" classname="qaclickacademy.RestAPITest" time="0.001">
    <system-out><![CDATA[apiTest2
]]></system-out>
  </testcase>
</testsuite>